20250509_17:08:22: Starting TriggerBot with testing = True
20250509_17:08:28: subscribed to Kafka consumer with groupid ztfmasstrigger975413 and topics ['gcn.classic.voevent.LVC_UPDATE']
20250509_17:08:28: heartbeat
20250509_17:09:28: heartbeat
20250509_17:10:48: Starting TriggerBot with testing = True
20250509_17:11:43: Starting TriggerBot with testing = True
20250509_17:11:44: subscribed to Kafka consumer with groupid ztfmasstrigger323721 and topics ['gcn.classic.voevent.LVC_UPDATE']
20250509_17:11:44: heartbeat
20250509_17:12:44: heartbeat
20250509_17:21:33: Starting TriggerBot with testing = True
20250509_17:21:33: subscribed to Kafka consumer with groupid ztfmasstrigger538662 and topics ['gcn.classic.voevent.LVC_UPDATE']
20250509_17:21:33: heartbeat
20250509_17:21:37: error getting params for MS250411q
20250509_17:21:37: error getting params for MS250411r
20250509_17:21:38: error getting params for MS250411r
20250509_17:21:38: error getting params for MS250411s
20250509_17:21:38: error getting params for MS250411s
20250509_17:21:38: error getting params for MS250411t
20250509_17:21:38: error getting params for MS250411t
20250509_17:21:38: error getting params for MS250411u
20250509_17:21:38: error getting params for MS250411u
20250509_17:21:39: error getting params for MS250411v
20250509_17:21:39: error getting params for MS250411v
20250509_17:22:17: Starting TriggerBot with testing = True
20250509_17:22:17: subscribed to Kafka consumer with groupid ztfmasstrigger155851 and topics ['gcn.classic.voevent.LVC_UPDATE']
20250509_17:22:17: heartbeat
20250509_17:23:28: Starting TriggerBot with testing = True
20250509_17:23:28: subscribed to Kafka consumer with groupid ztfmasstrigger939718 and topics ['gcn.classic.voevent.LVC_PRELIMINARY', 'gcn.classic.voevent.LVC_INITIAL', 'gcn.classic.voevent.LVC_UPDATE']
20250509_17:23:28: heartbeat
20250509_17:23:32: error getting params for MS250408w
20250509_17:23:32: error getting params for MS250409a
20250509_17:23:33: error getting params for MS250409b
20250509_17:23:33: error getting params for MS250409f
20250509_17:23:33: error getting params for MS250409g
20250509_17:23:33: error getting params for MS250409h
20250509_17:23:33: error getting params for MS250409i
20250509_17:23:33: error getting params for MS250409j
20250509_17:23:34: error getting params for MS250409k
20250509_17:23:34: error getting params for MS250409n
20250509_17:23:34: error getting params for MS250409o
20250509_17:23:34: error getting params for MS250409q
20250509_17:23:34: error getting params for MS250409r
20250509_17:23:34: error getting params for MS250409w
20250509_17:24:09: Starting TriggerBot with testing = True
20250509_17:25:01: Starting TriggerBot with testing = True
20250509_17:25:02: subscribed to Kafka consumer with groupid ztfmasstrigger733456 and topics ['gcn.classic.voevent.LVC_UPDATE']
20250509_17:25:02: heartbeat
